tp	4
bob	5
tp	4
hank	3
yo	1
yo	2
yo	3
hank	5
hank	2
tp	5
tp	4
hi	4
hi	5
hi	5
hi	4
eh	4
eh	5
eh	4
eh	5
Hank	2
Hank	20
Hank	12
Hank	13
Hank	8
Hank	19
Hank	20
Hank	20
Hank	9
Hank	12
Hank	12
Hank	1
Hank	3
Hank	6
Hank	9
Hank	9
Hank	18
Hank	4
Hank	11
Hank	4
Hank	5
Hank	1
Hank	7
Hank	2
Hank	12
Hank	17
Hank	15
Hank	7
Hank	7
Hank	8
Hank	7
Hank	20
Hank	16
Hank	5
Hank	16
Hank	13
Hank	11
Hank	3
Hank	16
Hank	6
Hank	20
Hank	15
Hank	18
Hank	8
Hank	4
Hank	9
Hank	15
Hank	2
Hank	19
Hank	16
Hank	13
Hank	7
Hank	16
Hank	8
Hank	9
Kienan	20
Kienan	1
Kienan	18
Kienan	14
Kienan	8
Kienan	7
Kienan	1
Kienan	8
Kienan	12
Kienan	4
Kienan	14
Kienan	7
Kienan	9
Kienan	13
Kienan	16
Kienan	2
Kienan	10
Kienan	17
Kienan	13
Kienan	5
Kienan	11
Kienan	6
Kienan	7
Kienan	11
Kienan	16
Kienan	1
Kienan	3
Kienan	8
Kienan	8
Kienan	17
Kienan	2
Kienan	17
Kienan	2
Kienan	20
Kienan	11
Kienan	10
Kienan	7
Kienan	9
Kienan	11
Kienan	20
Kienan	1
Kienan	15
Kienan	3
Kienan	1
Kienan	12
Kienan	15
Kienan	18
Kienan	14
Kienan	18
Kienan	17
Kienan	15
Kienan	11
Kienan	19
Kienan	7
Kienan	19
Kienan	16
Kienan	14
Kienan	7
Kienan	4
Kienan	8
Kienan	16
Kienan	16
Kienan	14
Kienan	6
Kienan	10
Kienan	1
Kienan	7
Kienan	12
Robert	11
Robert	19
Robert	15
Robert	11
Robert	2
Robert	13
Robert	17
Robert	12
Robert	11
Robert	12
Robert	6
Robert	19
Robert	10
Robert	3
Robert	7
Robert	19
Robert	8
Robert	20
Robert	15
Robert	19
Robert	16
Robert	15
Robert	15
Robert	12
Robert	4
Robert	19
Robert	17
Robert	19
Robert	11
Robert	5
Robert	19
Robert	11
Robert	12
Robert	15
Robert	13
Robert	18
Robert	2
Robert	16
Robert	16
Robert	2
Robert	7
Robert	5
Robert	16
Robert	5
Robert	5
Robert	6
Robert	15
Robert	16
Robert	12
Robert	3
Robert	4
Robert	5
Robert	3
Robert	11
Robert	5
Robert	9
Robert	12
Robert	4
Robert	18
Robert	13
Robert	9
Robert	6
Robert	1
Robert	2
Robert	19
Robert	3
Robert	11
Robert	11
Robert	15
Robert	6
Robert	6
Robert	2
Robert	1
Robert	19
Robert	9
Robert	13
Robert	7
Robert	15
Robert	17
Robert	8
Robert	5
Robert	11
Robert	15
Robert	1
John	1
John	8
John	17
John	5
John	13
John	14
John	12
John	7
John	19
John	4
John	12
John	17
John	13
John	11
John	1
John	16
John	20
John	10
John	10
John	1
John	12
John	4
John	8
John	16
John	1
John	16
John	11
John	17
John	9
John	7
John	9
John	13
John	6
John	16
John	20
Jacob	9
Jacob	13
Jacob	9
Jacob	1
Jacob	5
Jacob	3
Jacob	9
Jacob	12
Jacob	15
Jacob	17
Jacob	7
Jacob	13
Jacob	10
Jacob	17
Jacob	16
Jacob	12
Jacob	16
Jacob	16
Jacob	10
Jacob	19
Jacob	12
Jacob	19
Jacob	5
Jacob	9
Jacob	18
Jacob	17
Jacob	6
Jacob	18
Jacob	8
Jacob	12
Jacob	14
Jacob	9
Jacob	2
Jacob	18
Jacob	20
Jacob	13
Jacob	16
Jacob	3
Jacob	18
Jacob	16
Schmidt	14
Johnny	5
Johnny	5
Johnny	19
Johnny	10
Johnny	8
Johnny	9
Johnny	10
Johnny	15
Johnny	19
Johnny	7
Johnny	4
Alan	4
Alan	14
Alan	17
Alan	19
Alan	6
Alan	9
Alan	16
Alan	7
Alan	1
Alan	19
Alan	18
Alan	6
Alan	7
Alan	4
Alan	18
Alan	1
Alan	12
Alan	16
Alan	6
Alan	16
Alan	3
Alan	10
Alan	14
Alan	14
Alan	12
Alan	6
Alan	12
Alan	1
Alan	5
Alan	1
Alan	15
Alan	15
Alan	20
Alan	3
Alan	8
Alan	17
Alan	14
Alan	8
Alan	15
Alan	16
Alan	14
Alan	13
Alan	8
Alan	20
Alan	6
Alan	3
Alan	18
Alan	4
Alan	10
Alan	7
Alan	12
Alan	10
Mario	17
Mario	18
Mario	11
Mario	13
Mario	19
Mario	17
Mario	20
Mario	19
Mario	12
Mario	10
Mario	15
Mario	14
Mario	12
Mario	6
Mario	19
Mario	10
Mario	16
Mario	2
Mario	17
Mario	19
Mario	12
Mario	4
Mario	2
Mario	4
Mario	5
Mario	5
Mario	10
Mario	13
Mario	14
Mario	1
Mario	2
Mario	11
Mario	10
Mario	17
Mario	17
Mario	6
Mario	15
Mario	12
Mario	1
Mario	8
Mario	2
Mario	15
Mario	11
Mario	10
Mario	10
Mario	14
Mario	15
Mario	6
Mario	9
Mario	4
Mario	12
Mario	13
Mario	7
Mario	4
Mario	3
Mario	20
Mario	20
Mario	1
Mario	16
Mario	8
Mario	5
Mario	8
Mario	4
Mario	19
Mario	6
Mario	12
Mario	4
Mario	12
Mario	2
Mario	2
Mario	20
Mario	8
Mario	16
Mario	8
Mario	9
Mario	16
Mario	18
Thomas	14
Thomas	9
Thomas	20
Thomas	10
Thomas	16
Thomas	19
Thomas	8
Thomas	7
Thomas	1
Thomas	15
Thomas	1
Thomas	20
Thomas	4
Thomas	4
Thomas	9
Thomas	3
Thomas	3
Thomas	15
Thomas	5
Thomas	7
Thomas	19
Thomas	1
Thomas	14
Thomas	2
Thomas	18
Thomas	12
Thomas	7
Thomas	18
Thomas	20
Thomas	16
Thomas	18
Thomas	19
Thomas	2
Thomas	3
Thomas	20
Thomas	1
Thomas	12
Thomas	10
Thomas	3
Thomas	12
Thomas	8
Thomas	13
Thomas	8
Thomas	2
Thomas	15
Thomas	9
Thomas	17
Thomas	8
Thomas	6
Thomas	9
Thomas	5
Thomas	14
Thomas	14
Thomas	11
Thomas	5
Thomas	1
Thomas	9
Thomas	15
Thomas	19
Thomas	16
Thomas	14
Thomas	8
Thomas	18
Thomas	2
Thomas	10
Thomas	1
Adam	2
Adam	12
Adam	3
Adam	8
Adam	19
Adam	12
Adam	18
Adam	1
Adam	12
Adam	19
Adam	19
Adam	13
Adam	2
Adam	16
Adam	9
Adam	3
Adam	8
Adam	4
Adam	16
Adam	7
Adam	15
Adam	9
Adam	11
Adam	17
Adam	17
Adam	9
Adam	2
Adam	9
Adam	10
Adam	8
Adam	12
Adam	15
Adam	16
Adam	17
Adam	8
Adam	14
Adam	5
Adam	20
Adam	14
Adam	12
Stephen	10
Stephen	6
Stephen	5
Stephen	7
Stephen	4
Stephen	17
Stephen	10
Stephen	4
Stephen	10
Stephen	12
Stephen	6
Stephen	2
Stephen	10
Stephen	7
Stephen	2
Stephen	19
Stephen	6
Stephen	14
Stephen	12
Stephen	1
Stephen	12
Stephen	15
Stephen	15
Stephen	20
Stephen	4
Stephen	4
Stephen	17
Stephen	9
Stephen	18
Stephen	1
Stephen	3
Stephen	12
Stephen	18
Stephen	17
Stephen	5
Stephen	1
Stephen	10
Stephen	11
Stephen	11
Stephen	5
Stephen	19
Stephen	16
Stephen	4
Stephen	15
Stephen	6
Stephen	8
Stephen	11
Stephen	12
Stephen	2
Stephen	7
Stephen	18
Stephen	13
Stephen	1
Stephen	4
Stephen	17
Stephen	10
Stephen	8
Stephen	9
Stephen	14
Stephen	13
Stephen	19
Stephen	16
Steven	12
Steven	17
Steven	17
Steven	3
Steven	1
Steven	8
Steven	11
Steven	7
Steven	4
Steven	5
Steven	2
Josiah	9
Josiah	5
Josiah	10
Josiah	15
Josiah	5
Josiah	2
Josiah	3
Josiah	6
Josiah	10
Josiah	2
Josiah	16
Josiah	12
Josiah	5
Josiah	17
Josiah	11
Josiah	10
Josiah	15
Josiah	14
Josiah	8
Josiah	1
Josiah	7
Josiah	2
Josiah	11
Josiah	7
Josiah	13
Josiah	8
Josiah	9
Josiah	12
Josiah	7
Josiah	10
Josiah	16
Josiah	14
Josiah	12
Josiah	6
Josiah	1
Josiah	16
Josiah	15
Josiah	4
Josiah	16
Josiah	3
Josiah	11
Josiah	12
Josiah	14
Josiah	2
Josiah	5
Josiah	15
Josiah	20
Josiah	11
Josiah	10
Josiah	16
Josiah	3
Josiah	15
Josiah	16
Josiah	6
Josiah	3
Josiah	9
Josiah	11
Josiah	16
Josiah	8
Josiah	6
Josiah	14
Josiah	7
Josiah	16
Josiah	12
Josiah	10
Josiah	18
Josiah	9
Josiah	4
Josiah	4
Josiah	20
Josiah	11
Josiah	16
Josiah	3
Josiah	3
Josiah	11
Josiah	6
Josiah	5
Josiah	9
Josiah	16
Josiah	7
Josiah	10
Josiah	19
Josiah	16
Josiah	6
Josiah	9
Josiah	18
Josiah	18
Josiah	20
Josiah	9
Josiah	19
Josiah	15
Josiah	10
Josiah	16
Josiah	20
Josiah	5
Josiah	11
Josiah	13
Josiah	6
Josiah	15
Josiah	12